 * Running on http://0.0.0.0:8081/ (Press CTRL+C to quit)
 * Restarting with stat
Traceback (most recent call last):
  File "/var/www/vhosts/api.email.webforyou.tv/bootstrap.py", line 4, in <module>
    from app import app
  File "/var/www/vhosts/api.email.webforyou.tv/app/__init__.py", line 1, in <module>
    from app.config.App import App
  File "/var/www/vhosts/api.email.webforyou.tv/app/config/App.py", line 1, in <module>
    from flask import Flask
ImportError: No module named flask
Execution of job "transport (trigger: interval[0:00:03.500000], next run at: 2020-01-24 14:59:19 UTC)" skipped: maximum number of running instances reached (1)
Run time of job "transport (trigger: interval[0:00:03.500000], next run at: 2020-02-06 06:58:45 UTC)" was missed by 0:00:02.827125
Run time of job "transport (trigger: interval[0:00:03.500000], next run at: 2020-02-11 11:58:19 UTC)" was missed by 0:00:01.770865
Run time of job "transport (trigger: interval[0:00:03.500000], next run at: 2020-02-11 11:59:43 UTC)" was missed by 0:00:01.937223
Run time of job "transport (trigger: interval[0:00:03.500000], next run at: 2020-02-11 12:24:20 UTC)" was missed by 0:00:09.882636
Execution of job "transport (trigger: interval[0:00:03.500000], next run at: 2020-02-11 12:24:20 UTC)" skipped: maximum number of running instances reached (1)
Run time of job "transport (trigger: interval[0:00:03.500000], next run at: 2020-03-27 09:59:39 UTC)" was missed by 0:00:01.897747
Run time of job "transport (trigger: interval[0:00:03.500000], next run at: 2020-03-30 10:38:05 UTC)" was missed by 0:00:02.037716
Run time of job "transport (trigger: interval[0:00:03.500000], next run at: 2020-03-30 10:57:41 UTC)" was missed by 0:00:01.374352
Run time of job "transport (trigger: interval[0:00:03.500000], next run at: 2020-03-30 11:06:12 UTC)" was missed by 0:00:01.394555
Run time of job "transport (trigger: interval[0:00:03.500000], next run at: 2020-03-30 11:11:41 UTC)" was missed by 0:00:01.375026
Execution of job "transport (trigger: interval[0:00:03.500000], next run at: 2020-03-30 11:28:40 UTC)" skipped: maximum number of running instances reached (1)
Run time of job "transport (trigger: interval[0:00:03.500000], next run at: 2020-03-30 11:28:43 UTC)" was missed by 0:00:04.503143
Run time of job "transport (trigger: interval[0:00:03.500000], next run at: 2020-03-30 11:32:55 UTC)" was missed by 0:00:02.450327
Run time of job "transport (trigger: interval[0:00:03.500000], next run at: 2020-05-03 22:38:19 UTC)" was missed by 0:00:01.334023
Run time of job "transport (trigger: interval[0:00:03.500000], next run at: 2020-05-03 22:38:22 UTC)" was missed by 0:00:03.697064
Execution of job "transport (trigger: interval[0:00:03.500000], next run at: 2020-05-03 22:38:22 UTC)" skipped: maximum number of running instances reached (1)
Run time of job "transport (trigger: interval[0:00:03.500000], next run at: 2020-05-03 22:38:36 UTC)" was missed by 0:00:11.927701
Run time of job "transport (trigger: interval[0:00:03.500000], next run at: 2020-05-03 22:38:54 UTC)" was missed by 0:00:03.134504
Run time of job "transport (trigger: interval[0:00:03.500000], next run at: 2020-05-03 22:38:57 UTC)" was missed by 0:00:02.894469
Run time of job "transport (trigger: interval[0:00:03.500000], next run at: 2020-05-03 22:39:01 UTC)" was missed by 0:00:06.854481
Execution of job "transport (trigger: interval[0:00:03.500000], next run at: 2020-05-03 22:39:01 UTC)" skipped: maximum number of running instances reached (1)
Run time of job "transport (trigger: interval[0:00:03.500000], next run at: 2020-05-03 22:39:39 UTC)" was missed by 0:00:02.626108
Run time of job "transport (trigger: interval[0:00:03.500000], next run at: 2020-05-03 22:39:57 UTC)" was missed by 0:00:05.251114
Execution of job "transport (trigger: interval[0:00:03.500000], next run at: 2020-05-03 22:39:57 UTC)" skipped: maximum number of running instances reached (1)
Run time of job "transport (trigger: interval[0:00:03.500000], next run at: 2020-05-24 12:27:37 UTC)" was missed by 0:00:07.425733
Execution of job "transport (trigger: interval[0:00:03.500000], next run at: 2020-05-24 12:27:37 UTC)" skipped: maximum number of running instances reached (1)
Run time of job "transport (trigger: interval[0:00:03.500000], next run at: 2020-06-22 00:59:46 UTC)" was missed by 0:00:15.168590
Execution of job "transport (trigger: interval[0:00:03.500000], next run at: 2020-06-22 00:59:46 UTC)" skipped: maximum number of running instances reached (1)
Run time of job "transport (trigger: interval[0:00:03.500000], next run at: 2020-06-22 01:00:56 UTC)" was missed by 0:00:03.213704
Run time of job "transport (trigger: interval[0:00:03.500000], next run at: 2020-06-22 01:01:07 UTC)" was missed by 0:00:10.785685
Run time of job "transport (trigger: interval[0:00:03.500000], next run at: 2020-06-22 01:01:45 UTC)" was missed by 0:06:09.095268
Run time of job "transport (trigger: interval[0:00:03.500000], next run at: 2020-07-27 10:07:45 UTC)" was missed by 0:00:01.976647
Run time of job "transport (trigger: interval[0:00:03.500000], next run at: 2020-07-27 10:07:45 UTC)" was missed by 0:00:01.277779
Run time of job "transport (trigger: interval[0:00:03.500000], next run at: 2020-07-27 10:08:31 UTC)" was missed by 0:00:01.202507
Run time of job "transport (trigger: interval[0:00:03.500000], next run at: 2020-07-27 10:08:34 UTC)" was missed by 0:00:01.069674
Run time of job "transport (trigger: interval[0:00:03.500000], next run at: 2020-07-27 10:08:41 UTC)" was missed by 0:00:02.025374
Run time of job "transport (trigger: interval[0:00:03.500000], next run at: 2020-07-27 10:08:45 UTC)" was missed by 0:00:02.285591
Run time of job "transport (trigger: interval[0:00:03.500000], next run at: 2020-07-27 10:08:48 UTC)" was missed by 0:00:03.889230
Run time of job "transport (trigger: interval[0:00:03.500000], next run at: 2020-07-27 10:08:52 UTC)" was missed by 0:00:02.303056
Run time of job "transport (trigger: interval[0:00:03.500000], next run at: 2020-07-27 10:08:55 UTC)" was missed by 0:00:01.335017
Run time of job "transport (trigger: interval[0:00:03.500000], next run at: 2020-07-27 10:08:59 UTC)" was missed by 0:00:01.466200
Run time of job "transport (trigger: interval[0:00:03.500000], next run at: 2020-07-27 10:09:02 UTC)" was missed by 0:00:01.725742
Run time of job "transport (trigger: interval[0:00:03.500000], next run at: 2020-07-27 10:09:06 UTC)" was missed by 0:00:03.301379
Run time of job "transport (trigger: interval[0:00:03.500000], next run at: 2020-07-27 10:09:13 UTC)" was missed by 0:00:01.823980
Run time of job "transport (trigger: interval[0:00:03.500000], next run at: 2020-07-27 10:09:20 UTC)" was missed by 0:00:03.723826
Run time of job "transport (trigger: interval[0:00:03.500000], next run at: 2020-07-27 10:09:23 UTC)" was missed by 0:00:03.402343
Run time of job "transport (trigger: interval[0:00:03.500000], next run at: 2020-07-27 10:09:27 UTC)" was missed by 0:00:01.552053
Run time of job "transport (trigger: interval[0:00:03.500000], next run at: 2020-07-27 10:09:30 UTC)" was missed by 0:00:04.571191
Run time of job "transport (trigger: interval[0:00:03.500000], next run at: 2020-07-27 10:09:37 UTC)" was missed by 0:00:03.921666
Run time of job "transport (trigger: interval[0:00:03.500000], next run at: 2020-07-27 10:09:44 UTC)" was missed by 0:00:02.843935
Run time of job "transport (trigger: interval[0:00:03.500000], next run at: 2020-07-27 10:09:55 UTC)" was missed by 0:00:02.792064
Run time of job "transport (trigger: interval[0:00:03.500000], next run at: 2020-07-27 10:10:02 UTC)" was missed by 0:00:02.922154
Run time of job "transport (trigger: interval[0:00:03.500000], next run at: 2020-07-27 10:10:09 UTC)" was missed by 0:00:05.763780
Execution of job "transport (trigger: interval[0:00:03.500000], next run at: 2020-07-27 10:10:09 UTC)" skipped: maximum number of running instances reached (1)
Run time of job "transport (trigger: interval[0:00:03.500000], next run at: 2020-07-27 10:10:19 UTC)" was missed by 0:00:03.224910
Run time of job "transport (trigger: interval[0:00:03.500000], next run at: 2020-07-27 10:10:23 UTC)" was missed by 0:00:05.654286
Run time of job "transport (trigger: interval[0:00:03.500000], next run at: 2020-07-27 10:10:30 UTC)" was missed by 0:00:02.350247
Run time of job "transport (trigger: interval[0:00:03.500000], next run at: 2020-07-27 10:10:33 UTC)" was missed by 0:00:01.150212
Run time of job "transport (trigger: interval[0:00:03.500000], next run at: 2020-07-27 10:10:37 UTC)" was missed by 0:00:01.052661
Run time of job "transport (trigger: interval[0:00:03.500000], next run at: 2020-07-27 10:10:47 UTC)" was missed by 0:00:01.311334
Run time of job "transport (trigger: interval[0:00:03.500000], next run at: 2020-07-27 10:10:51 UTC)" was missed by 0:00:02.164436
Run time of job "transport (trigger: interval[0:00:03.500000], next run at: 2020-07-27 10:11:15 UTC)" was missed by 0:00:01.943230
Run time of job "transport (trigger: interval[0:00:03.500000], next run at: 2020-07-27 10:11:19 UTC)" was missed by 0:00:03.357360
Run time of job "transport (trigger: interval[0:00:03.500000], next run at: 2020-07-27 10:11:22 UTC)" was missed by 0:00:02.626428
Run time of job "transport (trigger: interval[0:00:03.500000], next run at: 2020-07-27 10:11:26 UTC)" was missed by 0:00:01.237408
Run time of job "transport (trigger: interval[0:00:03.500000], next run at: 2020-07-27 10:11:29 UTC)" was missed by 0:00:02.022586
Run time of job "transport (trigger: interval[0:00:03.500000], next run at: 2020-07-27 10:11:33 UTC)" was missed by 0:00:04.062931
Run time of job "transport (trigger: interval[0:00:03.500000], next run at: 2020-07-27 10:11:40 UTC)" was missed by 0:00:07.501374
Execution of job "transport (trigger: interval[0:00:03.500000], next run at: 2020-07-27 10:11:40 UTC)" skipped: maximum number of running instances reached (1)
Run time of job "transport (trigger: interval[0:00:03.500000], next run at: 2020-07-27 10:11:54 UTC)" was missed by 0:00:03.417314
Run time of job "transport (trigger: interval[0:00:03.500000], next run at: 2020-07-27 10:31:02 UTC)" was missed by 0:00:01.235820
Run time of job "transport (trigger: interval[0:00:03.500000], next run at: 2020-07-27 10:31:09 UTC)" was missed by 0:00:01.876176
Run time of job "transport (trigger: interval[0:00:03.500000], next run at: 2020-07-27 10:31:19 UTC)" was missed by 0:00:06.086239
Run time of job "transport (trigger: interval[0:00:03.500000], next run at: 2020-07-27 10:31:30 UTC)" was missed by 0:00:01.456747
Run time of job "transport (trigger: interval[0:00:03.500000], next run at: 2020-07-27 10:31:33 UTC)" was missed by 0:00:04.468311
Execution of job "transport (trigger: interval[0:00:03.500000], next run at: 2020-07-27 10:31:33 UTC)" skipped: maximum number of running instances reached (1)
Run time of job "transport (trigger: interval[0:00:03.500000], next run at: 2020-07-27 10:31:44 UTC)" was missed by 0:00:04.674792
Run time of job "transport (trigger: interval[0:00:03.500000], next run at: 2020-07-27 10:31:51 UTC)" was missed by 0:00:06.085400
Run time of job "transport (trigger: interval[0:00:03.500000], next run at: 2020-07-27 10:31:58 UTC)" was missed by 0:00:03.557372
Run time of job "transport (trigger: interval[0:00:03.500000], next run at: 2020-07-27 10:32:01 UTC)" was missed by 0:00:04.190640
Run time of job "transport (trigger: interval[0:00:03.500000], next run at: 2020-07-27 10:32:05 UTC)" was missed by 0:00:02.878061
Run time of job "transport (trigger: interval[0:00:03.500000], next run at: 2020-07-27 10:32:08 UTC)" was missed by 0:00:02.058729
Run time of job "transport (trigger: interval[0:00:03.500000], next run at: 2020-07-27 10:32:29 UTC)" was missed by 0:00:01.205840
Run time of job "transport (trigger: interval[0:00:03.500000], next run at: 2020-07-27 10:32:33 UTC)" was missed by 0:00:01.878893
Run time of job "transport (trigger: interval[0:00:03.500000], next run at: 2020-07-27 10:32:36 UTC)" was missed by 0:00:02.835285
Run time of job "transport (trigger: interval[0:00:03.500000], next run at: 2020-07-27 10:32:40 UTC)" was missed by 0:00:04.420366
Execution of job "transport (trigger: interval[0:00:03.500000], next run at: 2020-07-27 10:32:40 UTC)" skipped: maximum number of running instances reached (1)
Run time of job "transport (trigger: interval[0:00:03.500000], next run at: 2020-07-27 10:32:54 UTC)" was missed by 0:00:05.169765
Run time of job "transport (trigger: interval[0:00:03.500000], next run at: 2020-07-27 10:33:04 UTC)" was missed by 0:00:01.398707
Run time of job "transport (trigger: interval[0:00:03.500000], next run at: 2020-07-27 10:33:11 UTC)" was missed by 0:00:02.814606
Run time of job "transport (trigger: interval[0:00:03.500000], next run at: 2020-07-27 10:33:15 UTC)" was missed by 0:00:02.035153
Run time of job "transport (trigger: interval[0:00:03.500000], next run at: 2020-07-27 10:42:56 UTC)" was missed by 0:00:06.198524
Execution of job "transport (trigger: interval[0:00:03.500000], next run at: 2020-07-27 10:45:05 UTC)" skipped: maximum number of running instances reached (1)
Execution of job "transport (trigger: interval[0:00:03.500000], next run at: 2020-07-27 10:45:09 UTC)" skipped: maximum number of running instances reached (1)
Run time of job "transport (trigger: interval[0:00:03.500000], next run at: 2020-07-27 10:45:23 UTC)" was missed by 0:00:01.088064
Run time of job "transport (trigger: interval[0:00:03.500000], next run at: 2020-07-27 10:45:26 UTC)" was missed by 0:00:03.366149
Run time of job "transport (trigger: interval[0:00:03.500000], next run at: 2020-07-27 10:45:30 UTC)" was missed by 0:00:03.903161
Run time of job "transport (trigger: interval[0:00:03.500000], next run at: 2020-07-27 10:45:33 UTC)" was missed by 0:00:02.399609
Run time of job "transport (trigger: interval[0:00:03.500000], next run at: 2020-07-27 10:45:37 UTC)" was missed by 0:00:01.508139
Run time of job "transport (trigger: interval[0:00:03.500000], next run at: 2020-07-27 10:45:40 UTC)" was missed by 0:00:01.736120
Run time of job "transport (trigger: interval[0:00:03.500000], next run at: 2020-07-27 10:45:44 UTC)" was missed by 0:00:02.356525
Execution of job "transport (trigger: interval[0:00:03.500000], next run at: 2020-07-27 10:45:51 UTC)" skipped: maximum number of running instances reached (1)
Execution of job "transport (trigger: interval[0:00:03.500000], next run at: 2020-07-27 10:45:54 UTC)" skipped: maximum number of running instances reached (1)
Execution of job "transport (trigger: interval[0:00:03.500000], next run at: 2020-07-27 10:46:05 UTC)" skipped: maximum number of running instances reached (1)
Run time of job "transport (trigger: interval[0:00:03.500000], next run at: 2020-07-27 10:46:33 UTC)" was missed by 0:00:02.793572
Execution of job "transport (trigger: interval[0:00:03.500000], next run at: 2020-07-27 10:55:04 UTC)" skipped: maximum number of running instances reached (1)
Execution of job "transport (trigger: interval[0:00:03.500000], next run at: 2020-07-27 10:55:11 UTC)" skipped: maximum number of running instances reached (1)
Run time of job "transport (trigger: interval[0:00:03.500000], next run at: 2020-07-27 10:55:39 UTC)" was missed by 0:00:01.115602
Run time of job "transport (trigger: interval[0:00:03.500000], next run at: 2020-07-27 11:02:39 UTC)" was missed by 0:00:01.506805
Run time of job "transport (trigger: interval[0:00:03.500000], next run at: 2020-07-27 11:02:46 UTC)" was missed by 0:00:02.163264
Run time of job "transport (trigger: interval[0:00:03.500000], next run at: 2020-07-27 11:02:53 UTC)" was missed by 0:00:01.851784
Run time of job "transport (trigger: interval[0:00:03.500000], next run at: 2020-07-27 11:04:03 UTC)" was missed by 0:00:01.713085
Run time of job "transport (trigger: interval[0:00:03.500000], next run at: 2020-07-27 11:04:06 UTC)" was missed by 0:00:04.742821
Execution of job "transport (trigger: interval[0:00:03.500000], next run at: 2020-07-27 11:04:06 UTC)" skipped: maximum number of running instances reached (1)
Run time of job "transport (trigger: interval[0:00:03.500000], next run at: 2020-07-27 11:04:34 UTC)" was missed by 0:00:07.251515
Run time of job "transport (trigger: interval[0:00:03.500000], next run at: 2020-07-27 11:04:48 UTC)" was missed by 0:00:11.904073
Run time of job "transport (trigger: interval[0:00:03.500000], next run at: 2020-07-27 11:05:13 UTC)" was missed by 0:00:23.354720
Execution of job "transport (trigger: interval[0:00:03.500000], next run at: 2020-07-27 11:05:13 UTC)" skipped: maximum number of running instances reached (1)
Run time of job "transport (trigger: interval[0:00:03.500000], next run at: 2020-07-27 11:05:48 UTC)" was missed by 0:00:06.015123
Run time of job "transport (trigger: interval[0:00:03.500000], next run at: 2020-07-27 11:06:05 UTC)" was missed by 0:00:06.848069
Run time of job "transport (trigger: interval[0:00:03.500000], next run at: 2020-07-27 11:06:16 UTC)" was missed by 0:00:03.034066
Run time of job "transport (trigger: interval[0:00:03.500000], next run at: 2020-07-27 11:06:19 UTC)" was missed by 0:00:01.788425
Run time of job "transport (trigger: interval[0:00:03.500000], next run at: 2020-07-27 11:06:23 UTC)" was missed by 0:00:01.561174
Run time of job "transport (trigger: interval[0:00:03.500000], next run at: 2020-07-27 11:08:29 UTC)" was missed by 0:00:02.015652
Run time of job "transport (trigger: interval[0:00:03.500000], next run at: 2020-07-27 11:08:32 UTC)" was missed by 0:00:02.215543
Run time of job "transport (trigger: interval[0:00:03.500000], next run at: 2020-07-27 11:08:36 UTC)" was missed by 0:00:02.719597
Run time of job "transport (trigger: interval[0:00:03.500000], next run at: 2020-07-27 11:08:39 UTC)" was missed by 0:00:02.627371
Run time of job "transport (trigger: interval[0:00:03.500000], next run at: 2020-07-27 11:08:43 UTC)" was missed by 0:00:03.394750
Run time of job "transport (trigger: interval[0:00:03.500000], next run at: 2020-07-27 11:08:50 UTC)" was missed by 0:00:05.941487
Run time of job "transport (trigger: interval[0:00:03.500000], next run at: 2020-07-27 11:08:57 UTC)" was missed by 0:00:04.225253
Run time of job "transport (trigger: interval[0:00:03.500000], next run at: 2020-07-27 11:09:00 UTC)" was missed by 0:00:03.939828
Run time of job "transport (trigger: interval[0:00:03.500000], next run at: 2020-07-27 11:09:04 UTC)" was missed by 0:00:04.238088
Run time of job "transport (trigger: interval[0:00:03.500000], next run at: 2020-07-27 11:09:07 UTC)" was missed by 0:00:05.119408
Run time of job "transport (trigger: interval[0:00:03.500000], next run at: 2020-07-27 11:09:14 UTC)" was missed by 0:00:02.419359
Run time of job "transport (trigger: interval[0:00:03.500000], next run at: 2020-07-27 11:09:18 UTC)" was missed by 0:00:01.501184
Execution of job "transport (trigger: interval[0:00:03.500000], next run at: 2020-07-27 11:10:38 UTC)" skipped: maximum number of running instances reached (1)
Run time of job "transport (trigger: interval[0:00:03.500000], next run at: 2020-07-27 11:10:49 UTC)" was missed by 0:00:04.152061
Run time of job "transport (trigger: interval[0:00:03.500000], next run at: 2020-07-27 11:10:56 UTC)" was missed by 0:00:02.643467
Run time of job "transport (trigger: interval[0:00:03.500000], next run at: 2020-07-27 11:11:03 UTC)" was missed by 0:00:04.809388
Run time of job "transport (trigger: interval[0:00:03.500000], next run at: 2020-07-27 11:11:17 UTC)" was missed by 0:00:12.836676
Run time of job "transport (trigger: interval[0:00:03.500000], next run at: 2020-07-27 11:11:55 UTC)" was missed by 0:00:16.119699
Run time of job "transport (trigger: interval[0:00:03.500000], next run at: 2020-07-27 11:12:13 UTC)" was missed by 0:00:03.490417
Run time of job "transport (trigger: interval[0:00:03.500000], next run at: 2020-07-27 11:12:16 UTC)" was missed by 0:00:04.153403
Run time of job "transport (trigger: interval[0:00:03.500000], next run at: 2020-07-27 11:12:20 UTC)" was missed by 0:00:01.470311
Run time of job "transport (trigger: interval[0:00:03.500000], next run at: 2020-07-27 11:16:18 UTC)" was missed by 0:00:01.351480
Run time of job "transport (trigger: interval[0:00:03.500000], next run at: 2020-07-27 11:16:21 UTC)" was missed by 0:00:02.623468
Run time of job "transport (trigger: interval[0:00:03.500000], next run at: 2020-07-27 11:16:25 UTC)" was missed by 0:00:01.879024
Run time of job "transport (trigger: interval[0:00:03.500000], next run at: 2020-07-27 11:17:31 UTC)" was missed by 0:00:01.579423
Run time of job "transport (trigger: interval[0:00:03.500000], next run at: 2020-07-27 11:17:38 UTC)" was missed by 0:00:03.125206
Run time of job "transport (trigger: interval[0:00:03.500000], next run at: 2020-07-27 11:17:45 UTC)" was missed by 0:00:03.131446
Run time of job "transport (trigger: interval[0:00:03.500000], next run at: 2020-07-27 11:17:52 UTC)" was missed by 0:00:10.183785
Run time of job "transport (trigger: interval[0:00:03.500000], next run at: 2020-07-27 11:18:06 UTC)" was missed by 0:00:10.191815
Run time of job "transport (trigger: interval[0:00:03.500000], next run at: 2020-07-27 11:18:24 UTC)" was missed by 0:00:08.257399
Run time of job "transport (trigger: interval[0:00:03.500000], next run at: 2020-07-27 11:18:38 UTC)" was missed by 0:00:02.701406
Run time of job "transport (trigger: interval[0:00:03.500000], next run at: 2020-07-27 11:18:45 UTC)" was missed by 0:00:02.575821
Run time of job "transport (trigger: interval[0:00:03.500000], next run at: 2020-07-27 11:18:52 UTC)" was missed by 0:00:07.043988
Run time of job "transport (trigger: interval[0:00:03.500000], next run at: 2020-07-27 11:18:59 UTC)" was missed by 0:00:02.608747
Run time of job "transport (trigger: interval[0:00:03.500000], next run at: 2020-07-27 11:19:09 UTC)" was missed by 0:00:01.204583
Run time of job "transport (trigger: interval[0:00:03.500000], next run at: 2020-07-27 11:19:41 UTC)" was missed by 0:00:02.651472
Run time of job "transport (trigger: interval[0:00:03.500000], next run at: 2020-07-27 11:19:44 UTC)" was missed by 0:00:02.802354
Run time of job "transport (trigger: interval[0:00:03.500000], next run at: 2020-07-27 11:19:48 UTC)" was missed by 0:00:02.507552
Run time of job "transport (trigger: interval[0:00:03.500000], next run at: 2020-07-27 11:19:51 UTC)" was missed by 0:00:02.722279
Run time of job "transport (trigger: interval[0:00:03.500000], next run at: 2020-07-27 11:19:55 UTC)" was missed by 0:00:02.920762
Run time of job "transport (trigger: interval[0:00:03.500000], next run at: 2020-07-27 11:19:58 UTC)" was missed by 0:00:01.250911
Execution of job "transport (trigger: interval[0:00:03.500000], next run at: 2020-07-27 11:20:47 UTC)" skipped: maximum number of running instances reached (1)
Execution of job "transport (trigger: interval[0:00:03.500000], next run at: 2020-07-27 11:20:51 UTC)" skipped: maximum number of running instances reached (1)
Run time of job "transport (trigger: interval[0:00:03.500000], next run at: 2020-07-27 11:21:01 UTC)" was missed by 0:00:01.634223
Run time of job "transport (trigger: interval[0:00:03.500000], next run at: 2020-07-27 11:21:05 UTC)" was missed by 0:00:01.418628
Run time of job "transport (trigger: interval[0:00:03.500000], next run at: 2020-07-27 11:21:08 UTC)" was missed by 0:00:01.058256
Run time of job "transport (trigger: interval[0:00:03.500000], next run at: 2020-07-27 11:21:22 UTC)" was missed by 0:00:01.006769
Run time of job "transport (trigger: interval[0:00:03.500000], next run at: 2020-07-27 11:21:29 UTC)" was missed by 0:00:01.233089
Run time of job "transport (trigger: interval[0:00:03.500000], next run at: 2020-07-27 11:21:33 UTC)" was missed by 0:00:01.991604
Run time of job "transport (trigger: interval[0:00:03.500000], next run at: 2020-07-27 11:21:36 UTC)" was missed by 0:00:04.335264
Run time of job "transport (trigger: interval[0:00:03.500000], next run at: 2020-07-27 11:21:43 UTC)" was missed by 0:00:05.653359
Execution of job "transport (trigger: interval[0:00:03.500000], next run at: 2020-07-27 11:21:43 UTC)" skipped: maximum number of running instances reached (1)
Execution of job "transport (trigger: interval[0:00:03.500000], next run at: 2020-07-27 11:23:00 UTC)" skipped: maximum number of running instances reached (1)
Run time of job "transport (trigger: interval[0:00:03.500000], next run at: 2020-07-27 11:23:11 UTC)" was missed by 0:00:02.155102
Run time of job "transport (trigger: interval[0:00:03.500000], next run at: 2020-07-27 11:23:18 UTC)" was missed by 0:00:01.712881
Run time of job "transport (trigger: interval[0:00:03.500000], next run at: 2020-07-27 11:23:18 UTC)" was missed by 0:00:05.641711
Run time of job "transport (trigger: interval[0:00:03.500000], next run at: 2020-07-27 11:23:25 UTC)" was missed by 0:00:02.196989
Run time of job "transport (trigger: interval[0:00:03.500000], next run at: 2020-07-27 11:24:31 UTC)" was missed by 0:00:01.805982
Run time of job "transport (trigger: interval[0:00:03.500000], next run at: 2020-07-27 11:24:38 UTC)" was missed by 0:00:01.330399
Run time of job "transport (trigger: interval[0:00:03.500000], next run at: 2020-07-27 11:24:42 UTC)" was missed by 0:00:05.211496
Run time of job "transport (trigger: interval[0:00:03.500000], next run at: 2020-07-27 11:24:52 UTC)" was missed by 0:00:02.512286
Run time of job "transport (trigger: interval[0:00:03.500000], next run at: 2020-07-27 11:24:56 UTC)" was missed by 0:00:03.345566
Run time of job "transport (trigger: interval[0:00:03.500000], next run at: 2020-07-27 11:24:59 UTC)" was missed by 0:00:03.545224
Execution of job "transport (trigger: interval[0:00:03.500000], next run at: 2020-07-27 11:24:59 UTC)" skipped: maximum number of running instances reached (1)
Run time of job "transport (trigger: interval[0:00:03.500000], next run at: 2020-07-27 11:25:06 UTC)" was missed by 0:00:03.935472
Run time of job "transport (trigger: interval[0:00:03.500000], next run at: 2020-07-27 11:25:10 UTC)" was missed by 0:00:03.322315
Run time of job "transport (trigger: interval[0:00:03.500000], next run at: 2020-07-27 11:25:13 UTC)" was missed by 0:00:01.233134
Run time of job "transport (trigger: interval[0:00:03.500000], next run at: 2020-07-27 11:25:17 UTC)" was missed by 0:00:01.542097
Run time of job "transport (trigger: interval[0:00:03.500000], next run at: 2020-07-27 11:25:20 UTC)" was missed by 0:00:02.003124
Run time of job "transport (trigger: interval[0:00:03.500000], next run at: 2020-07-27 11:25:52 UTC)" was missed by 0:00:02.510630
Run time of job "transport (trigger: interval[0:00:03.500000], next run at: 2020-07-27 11:25:55 UTC)" was missed by 0:00:02.490350
Run time of job "transport (trigger: interval[0:00:03.500000], next run at: 2020-07-27 11:25:59 UTC)" was missed by 0:00:01.989688
Run time of job "transport (trigger: interval[0:00:03.500000], next run at: 2020-07-27 11:26:02 UTC)" was missed by 0:00:01.574790
Run time of job "transport (trigger: interval[0:00:03.500000], next run at: 2020-07-27 11:26:06 UTC)" was missed by 0:00:02.873039
Run time of job "transport (trigger: interval[0:00:03.500000], next run at: 2020-07-27 11:26:09 UTC)" was missed by 0:00:03.407717
Run time of job "transport (trigger: interval[0:00:03.500000], next run at: 2020-07-27 11:26:13 UTC)" was missed by 0:00:03.070403
Run time of job "transport (trigger: interval[0:00:03.500000], next run at: 2020-07-27 11:26:16 UTC)" was missed by 0:00:02.595458
Run time of job "transport (trigger: interval[0:00:03.500000], next run at: 2020-07-27 11:26:20 UTC)" was missed by 0:00:03.152617
Run time of job "transport (trigger: interval[0:00:03.500000], next run at: 2020-07-27 11:26:23 UTC)" was missed by 0:00:01.738182
Run time of job "transport (trigger: interval[0:00:03.500000], next run at: 2020-07-27 11:27:12 UTC)" was missed by 0:00:01.463790
Run time of job "transport (trigger: interval[0:00:03.500000], next run at: 2020-07-27 11:27:23 UTC)" was missed by 0:00:01.203364
Run time of job "transport (trigger: interval[0:00:03.500000], next run at: 2020-07-27 11:27:26 UTC)" was missed by 0:00:02.075157
Run time of job "transport (trigger: interval[0:00:03.500000], next run at: 2020-07-27 11:27:30 UTC)" was missed by 0:00:02.040305
Run time of job "transport (trigger: interval[0:00:03.500000], next run at: 2020-07-27 11:27:33 UTC)" was missed by 0:00:01.684601
Run time of job "transport (trigger: interval[0:00:03.500000], next run at: 2020-07-27 11:27:37 UTC)" was missed by 0:00:02.502521
Run time of job "transport (trigger: interval[0:00:03.500000], next run at: 2020-07-27 11:27:40 UTC)" was missed by 0:00:01.982354
Run time of job "transport (trigger: interval[0:00:03.500000], next run at: 2020-07-27 11:28:57 UTC)" was missed by 0:00:01.296571
Run time of job "transport (trigger: interval[0:00:03.500000], next run at: 2020-07-27 11:29:01 UTC)" was missed by 0:00:01.608863
Run time of job "transport (trigger: interval[0:00:03.500000], next run at: 2020-07-27 11:29:04 UTC)" was missed by 0:00:01.077723
Run time of job "transport (trigger: interval[0:00:03.500000], next run at: 2020-07-27 11:29:08 UTC)" was missed by 0:00:01.102667
Run time of job "transport (trigger: interval[0:00:03.500000], next run at: 2020-07-27 11:29:11 UTC)" was missed by 0:00:03.057379
Run time of job "transport (trigger: interval[0:00:03.500000], next run at: 2020-07-27 11:29:15 UTC)" was missed by 0:00:02.467178
Run time of job "transport (trigger: interval[0:00:03.500000], next run at: 2020-07-27 11:29:18 UTC)" was missed by 0:00:03.820127
Run time of job "transport (trigger: interval[0:00:03.500000], next run at: 2020-07-27 11:29:22 UTC)" was missed by 0:00:02.864515
Run time of job "transport (trigger: interval[0:00:03.500000], next run at: 2020-07-27 11:29:25 UTC)" was missed by 0:00:03.239803
Run time of job "transport (trigger: interval[0:00:03.500000], next run at: 2020-07-27 11:29:29 UTC)" was missed by 0:00:02.343008
Run time of job "transport (trigger: interval[0:00:03.500000], next run at: 2020-07-27 11:29:32 UTC)" was missed by 0:00:03.254852
Run time of job "transport (trigger: interval[0:00:03.500000], next run at: 2020-07-27 11:29:36 UTC)" was missed by 0:00:01.424761
Run time of job "transport (trigger: interval[0:00:03.500000], next run at: 2020-07-27 11:29:39 UTC)" was missed by 0:00:01.642876
Run time of job "transport (trigger: interval[0:00:03.500000], next run at: 2020-07-27 11:29:43 UTC)" was missed by 0:00:01.515138
Execution of job "transport (trigger: interval[0:00:03.500000], next run at: 2020-07-27 11:29:53 UTC)" skipped: maximum number of running instances reached (1)
Run time of job "transport (trigger: interval[0:00:03.500000], next run at: 2020-07-27 11:30:00 UTC)" was missed by 0:00:03.204590
Run time of job "transport (trigger: interval[0:00:03.500000], next run at: 2020-07-27 11:30:04 UTC)" was missed by 0:00:03.971611
Run time of job "transport (trigger: interval[0:00:03.500000], next run at: 2020-07-27 11:30:07 UTC)" was missed by 0:00:04.480615
Run time of job "transport (trigger: interval[0:00:03.500000], next run at: 2020-07-27 11:30:11 UTC)" was missed by 0:00:02.710303
Execution of job "transport (trigger: interval[0:00:03.500000], next run at: 2020-07-27 11:30:18 UTC)" skipped: maximum number of running instances reached (1)
Execution of job "transport (trigger: interval[0:00:03.500000], next run at: 2020-07-27 11:30:21 UTC)" skipped: maximum number of running instances reached (1)
Run time of job "transport (trigger: interval[0:00:03.500000], next run at: 2020-07-27 11:30:32 UTC)" was missed by 0:00:03.636514
Run time of job "transport (trigger: interval[0:00:03.500000], next run at: 2020-07-27 11:30:35 UTC)" was missed by 0:00:03.925615
Run time of job "transport (trigger: interval[0:00:03.500000], next run at: 2020-07-27 11:30:39 UTC)" was missed by 0:00:04.723876
Run time of job "transport (trigger: interval[0:00:03.500000], next run at: 2020-07-27 11:30:46 UTC)" was missed by 0:00:02.356834
Run time of job "transport (trigger: interval[0:00:03.500000], next run at: 2020-07-27 11:30:53 UTC)" was missed by 0:00:04.317692
Execution of job "transport (trigger: interval[0:00:03.500000], next run at: 2020-07-27 11:30:53 UTC)" skipped: maximum number of running instances reached (1)
Run time of job "transport (trigger: interval[0:00:03.500000], next run at: 2020-07-27 11:31:03 UTC)" was missed by 0:00:01.237563
Run time of job "transport (trigger: interval[0:00:03.500000], next run at: 2020-07-27 11:32:10 UTC)" was missed by 0:00:01.042135
Run time of job "transport (trigger: interval[0:00:03.500000], next run at: 2020-07-27 11:32:13 UTC)" was missed by 0:00:02.826304
Run time of job "transport (trigger: interval[0:00:03.500000], next run at: 2020-07-27 11:32:17 UTC)" was missed by 0:00:02.278042
Run time of job "transport (trigger: interval[0:00:03.500000], next run at: 2020-07-27 11:32:20 UTC)" was missed by 0:00:02.064061
Run time of job "transport (trigger: interval[0:00:03.500000], next run at: 2020-07-27 11:32:27 UTC)" was missed by 0:00:01.551707
Run time of job "transport (trigger: interval[0:00:03.500000], next run at: 2020-07-27 11:32:31 UTC)" was missed by 0:00:01.722190
Run time of job "transport (trigger: interval[0:00:03.500000], next run at: 2020-07-27 11:32:34 UTC)" was missed by 0:00:01.860581
Run time of job "transport (trigger: interval[0:00:03.500000], next run at: 2020-07-27 11:32:38 UTC)" was missed by 0:00:02.790442
Run time of job "transport (trigger: interval[0:00:03.500000], next run at: 2020-07-27 11:32:41 UTC)" was missed by 0:00:02.573438
Run time of job "transport (trigger: interval[0:00:03.500000], next run at: 2020-07-27 11:32:48 UTC)" was missed by 0:00:03.407461
Run time of job "transport (trigger: interval[0:00:03.500000], next run at: 2020-07-27 11:32:55 UTC)" was missed by 0:00:02.292784
Run time of job "transport (trigger: interval[0:00:03.500000], next run at: 2020-07-27 11:33:02 UTC)" was missed by 0:00:08.183357
Run time of job "transport (trigger: interval[0:00:03.500000], next run at: 2020-07-27 11:33:09 UTC)" was missed by 0:00:03.513388
Execution of job "transport (trigger: interval[0:00:03.500000], next run at: 2020-07-27 11:33:34 UTC)" skipped: maximum number of running instances reached (1)
Run time of job "transport (trigger: interval[0:00:03.500000], next run at: 2020-07-27 11:33:41 UTC)" was missed by 0:00:04.390541
Execution of job "transport (trigger: interval[0:00:03.500000], next run at: 2020-07-27 11:33:41 UTC)" skipped: maximum number of running instances reached (1)
Run time of job "transport (trigger: interval[0:00:03.500000], next run at: 2020-07-27 11:33:58 UTC)" was missed by 0:00:03.867469
Run time of job "transport (trigger: interval[0:00:03.500000], next run at: 2020-07-27 11:34:05 UTC)" was missed by 0:00:05.629365
Run time of job "transport (trigger: interval[0:00:03.500000], next run at: 2020-07-27 11:34:16 UTC)" was missed by 0:00:06.884748
Run time of job "transport (trigger: interval[0:00:03.500000], next run at: 2020-07-27 11:34:26 UTC)" was missed by 0:00:03.236364
Run time of job "transport (trigger: interval[0:00:03.500000], next run at: 2020-07-27 11:34:33 UTC)" was missed by 0:00:03.698020
Run time of job "transport (trigger: interval[0:00:03.500000], next run at: 2020-07-27 11:34:40 UTC)" was missed by 0:00:02.053818
Run time of job "transport (trigger: interval[0:00:03.500000], next run at: 2020-07-27 11:34:44 UTC)" was missed by 0:00:02.122401
